[0m12:43:19.426416 [debug] [MainThread]: Sending event: {'category': 'dbt', 'action': 'invocation', 'label': 'start', 'context': [<snowplow_tracker.self_describing_json.SelfDescribingJson object at 0x00000288AFD78620>, <snowplow_tracker.self_describing_json.SelfDescribingJson object at 0x00000288AC6588F0>, <snowplow_tracker.self_describing_json.SelfDescribingJson object at 0x00000288ADA0A600>]}


============================== 12:43:19.446742 | c0b05081-6821-449e-9188-2a275541a365 ==============================
[0m12:43:19.446742 [info ] [MainThread]: Running with dbt=1.8.4
[0m12:43:19.447699 [debug] [MainThread]: running dbt with arguments {'printer_width': '80', 'indirect_selection': 'eager', 'write_json': 'True', 'log_cache_events': 'False', 'partial_parse': 'True', 'cache_selected_only': 'False', 'profiles_dir': 'C:\\Users\\Bilal\\.dbt', 'fail_fast': 'False', 'debug': 'False', 'log_path': 'logs', 'version_check': 'True', 'warn_error': 'None', 'use_colors': 'True', 'use_experimental_parser': 'False', 'no_print': 'None', 'quiet': 'False', 'empty': 'None', 'warn_error_options': 'WarnErrorOptions(include=[], exclude=[])', 'static_parser': 'True', 'invocation_command': 'dbt init dbt_demo', 'log_format': 'default', 'target_path': 'None', 'introspect': 'True', 'send_anonymous_usage_stats': 'True'}
[0m12:43:19.476154 [warn ] [MainThread]: [ConfigFolderDirectory]: Unable to parse dict {'dir': WindowsPath('C:/Users/Bilal/.dbt')}
[0m12:43:19.477163 [info ] [MainThread]: Creating dbt configuration folder at 
[0m12:43:19.481166 [debug] [MainThread]: Starter project path: C:\DEV\dbt\dbt-env\Lib\site-packages\dbt\include\starter_project
[0m12:43:19.504876 [info ] [MainThread]: 
Your new dbt project "dbt_demo" was created!

For more information on how to configure the profiles.yml file,
please consult the dbt documentation here:

  https://docs.getdbt.com/docs/configure-your-profile

One more thing:

Need help? Don't hesitate to reach out to us via GitHub issues or on Slack:

  https://community.getdbt.com/

Happy modeling!

[0m12:43:19.508875 [info ] [MainThread]: Setting up your profile.
[0m12:45:19.995572 [info ] [MainThread]: Profile dbt_demo written to C:\Users\Bilal\.dbt\profiles.yml using target's profile_template.yml and your supplied values. Run 'dbt debug' to validate the connection.
[0m12:45:19.997818 [debug] [MainThread]: Command `dbt init` succeeded at 12:45:19.997818 after 120.71 seconds
[0m12:45:19.998784 [debug] [MainThread]: Sending event: {'category': 'dbt', 'action': 'invocation', 'label': 'end', 'context': [<snowplow_tracker.self_describing_json.SelfDescribingJson object at 0x00000288B0094D40>, <snowplow_tracker.self_describing_json.SelfDescribingJson object at 0x00000288AFD78620>, <snowplow_tracker.self_describing_json.SelfDescribingJson object at 0x00000288B0169E20>]}
[0m12:45:19.998784 [debug] [MainThread]: Flushing usage events
